2022-07-20 20:41:34,065 :: User Authentication Successfull...
2022-07-20 20:47:36,441 :: User Authentication Successfull...
2022-07-20 20:48:44,642 :: User Authentication Successfull...
2022-07-20 20:49:28,466 :: User Authentication Successfull...
2022-07-20 20:49:54,690 :: User Authentication Successfull...
2022-07-21 13:50:54,438 :: User Authentication Successfull...
2022-07-21 13:52:31,536 :: MedicalConditions.file created for the first time and new content inclued into MedicalConditions.file ...
2022-07-21 13:54:51,983 :: Patient.file created for the first time and new content inclued into Patient.file ...
2022-07-21 13:54:51,984 :: PatientRecords.file created for the first time and new content inclued into PatientRecords.file ...
2022-07-21 13:54:51,986 :: Running Patient Diagnosis for patient Keynon ...
2022-07-21 13:55:59,856 :: System Close ...
2022-07-22 08:46:31,878 :: User Authentication Successfull...
2022-07-22 08:46:57,692 :: new content inclued into MedicalConditions.json ...
2022-07-22 08:47:04,872 :: System Close ...
2022-07-22 08:53:46,132 :: User Authentication Successfull...
2022-07-22 08:54:17,962 :: new content inclued into MedicalConditions.json ...
2022-07-22 08:55:37,079 :: MedicalConditions.json created for the first time and new content inclued into MedicalConditions.json ...
2022-07-22 08:56:18,297 :: new content inclued into MedicalConditions.json ...
2022-07-22 08:57:25,458 :: Patient.json created for the first time and new content inclued into Patient.json ...
2022-07-22 08:57:25,459 :: PatientRecords.json created for the first time and new content inclued into PatientRecords.json ...
2022-07-22 08:57:25,459 :: Running Patient Diagnosis for patient Someone ...
2022-07-22 08:59:58,920 :: System Close ...
2022-07-22 10:14:57,755 :: User Authentication Successfull...
2022-07-22 10:15:49,063 :: Attempeted to inser special charctors...
2022-07-22 10:16:36,942 :: Attempeted to enter an illogial age...
2022-07-22 10:20:41,514 :: new content inclued into Patient.json ...
2022-07-22 10:20:41,516 :: new content inclued into PatientRecords.json ...
2022-07-22 10:20:41,516 :: Running Patient Diagnosis for patient Tom ...
2022-07-22 10:21:47,484 :: System Close ...
2022-07-22 10:21:59,755 :: User Authentication Successfull...
2022-07-22 10:22:55,563 :: new content inclued into MedicalConditions.json ...
2022-07-22 10:24:03,265 :: System Close ...
2022-07-22 11:41:14,602 :: User Authentication Successfull...
2022-07-22 11:41:19,489 :: Retrieving patient records for patient id 1 ...
2022-07-22 11:41:45,251 :: Retrieving patient records for patient id 1 ...
